2023-01-10T14:35:40+00:00 CRITICAL syntax error, unexpected token ":" in /var/www/html/wp-content/themes/child-theme/woocommerce/archive-product.php on line 58

2023-01-10T15:20:15+00:00 CRITICAL syntax error, unexpected token "{" in /var/www/html/wp-content/themes/child-theme/functions.php on line 24

2023-01-10T15:20:17+00:00 CRITICAL syntax error, unexpected token "{" in /var/www/html/wp-content/themes/child-theme/functions.php on line 24

2023-01-10T15:20:17+00:00 CRITICAL syntax error, unexpected token "{" in /var/www/html/wp-content/themes/child-theme/functions.php on line 24

2023-01-10T16:22:16+00:00 CRITICAL Uncaught TypeError: call_user_func_array(): Argument #1 ($callback) must be a valid callback, function "jquery_scripts" not found or invalid function name in /var/www/html/wp-includes/class-wp-hook.php:308
Stack trace:
#0 /var/www/html/wp-includes/class-wp-hook.php(332): WP_Hook->apply_filters(NULL, Array)
#1 /var/www/html/wp-includes/plugin.php(517): WP_Hook->do_action(Array)
#2 /var/www/html/wp-includes/script-loader.php(2180): do_action('wp_enqueue_scri...')
#3 /var/www/html/wp-includes/class-wp-hook.php(308): wp_enqueue_scripts('')
#4 /var/www/html/wp-includes/class-wp-hook.php(332): WP_Hook->apply_filters(NULL, Array)
#5 /var/www/html/wp-includes/plugin.php(517): WP_Hook->do_action(Array)
#6 /var/www/html/wp-includes/general-template.php(3043): do_action('wp_head')
#7 /var/www/html/wp-content/themes/twentytwentyone/header.php(20): wp_head()
#8 /var/www/html/wp-includes/template.php(783): require_once('/var/www/html/w...')
#9 /var/www/html/wp-includes/template.php(718): load_template('/var/www/html/w...', true, Array)
#10 /var/www/html/wp-includes/general-template.php(48): locate_template(Array, true, true, Array)
#11 /var/www/html/wp-content/themes/child-theme/woocommerce/archive-product.php(20): get_header('shop')
#12 /var/www/html/wp-includes/template-loader.php(106): include('/var/www/html/w...')
#13 /var/www/html/wp-blog-header.php(19): require_once('/var/www/html/w...')
#14 /var/www/html/index.php(17): require('/var/www/html/w...')
#15 {main}
  thrown in /var/www/html/wp-includes/class-wp-hook.php on line 308

2023-01-10T16:25:22+00:00 CRITICAL Uncaught TypeError: call_user_func_array(): Argument #1 ($callback) must be a valid callback, function "jquery_scripts" not found or invalid function name in /var/www/html/wp-includes/class-wp-hook.php:308
Stack trace:
#0 /var/www/html/wp-includes/class-wp-hook.php(332): WP_Hook->apply_filters(NULL, Array)
#1 /var/www/html/wp-includes/plugin.php(517): WP_Hook->do_action(Array)
#2 /var/www/html/wp-includes/script-loader.php(2180): do_action('wp_enqueue_scri...')
#3 /var/www/html/wp-includes/class-wp-hook.php(308): wp_enqueue_scripts('')
#4 /var/www/html/wp-includes/class-wp-hook.php(332): WP_Hook->apply_filters(NULL, Array)
#5 /var/www/html/wp-includes/plugin.php(517): WP_Hook->do_action(Array)
#6 /var/www/html/wp-includes/general-template.php(3043): do_action('wp_head')
#7 /var/www/html/wp-content/themes/twentytwentyone/header.php(20): wp_head()
#8 /var/www/html/wp-includes/template.php(783): require_once('/var/www/html/w...')
#9 /var/www/html/wp-includes/template.php(718): load_template('/var/www/html/w...', true, Array)
#10 /var/www/html/wp-includes/general-template.php(48): locate_template(Array, true, true, Array)
#11 /var/www/html/wp-content/themes/child-theme/woocommerce/archive-product.php(20): get_header('shop')
#12 /var/www/html/wp-includes/template-loader.php(106): include('/var/www/html/w...')
#13 /var/www/html/wp-blog-header.php(19): require_once('/var/www/html/w...')
#14 /var/www/html/index.php(17): require('/var/www/html/w...')
#15 {main}
  thrown in /var/www/html/wp-includes/class-wp-hook.php on line 308

2023-01-10T16:25:31+00:00 CRITICAL Uncaught TypeError: call_user_func_array(): Argument #1 ($callback) must be a valid callback, function "jquery_scripts" not found or invalid function name in /var/www/html/wp-includes/class-wp-hook.php:308
Stack trace:
#0 /var/www/html/wp-includes/class-wp-hook.php(332): WP_Hook->apply_filters(NULL, Array)
#1 /var/www/html/wp-includes/plugin.php(517): WP_Hook->do_action(Array)
#2 /var/www/html/wp-includes/script-loader.php(2180): do_action('wp_enqueue_scri...')
#3 /var/www/html/wp-includes/class-wp-hook.php(308): wp_enqueue_scripts('')
#4 /var/www/html/wp-includes/class-wp-hook.php(332): WP_Hook->apply_filters(NULL, Array)
#5 /var/www/html/wp-includes/plugin.php(517): WP_Hook->do_action(Array)
#6 /var/www/html/wp-includes/general-template.php(3043): do_action('wp_head')
#7 /var/www/html/wp-content/themes/twentytwentyone/header.php(20): wp_head()
#8 /var/www/html/wp-includes/template.php(783): require_once('/var/www/html/w...')
#9 /var/www/html/wp-includes/template.php(718): load_template('/var/www/html/w...', true, Array)
#10 /var/www/html/wp-includes/general-template.php(48): locate_template(Array, true, true, Array)
#11 /var/www/html/wp-content/themes/child-theme/woocommerce/archive-product.php(20): get_header('shop')
#12 /var/www/html/wp-includes/template-loader.php(106): include('/var/www/html/w...')
#13 /var/www/html/wp-blog-header.php(19): require_once('/var/www/html/w...')
#14 /var/www/html/index.php(17): require('/var/www/html/w...')
#15 {main}
  thrown in /var/www/html/wp-includes/class-wp-hook.php on line 308

2023-01-10T17:18:16+00:00 CRITICAL syntax error, unexpected identifier "post_type", expecting "," or ";" in /var/www/html/wp-content/themes/child-theme/woocommerce/archive-product.php on line 74

2023-01-10T17:27:19+00:00 CRITICAL Uncaught ArgumentCountError: Too few arguments to function wp_localize_script(), 2 passed in /var/www/html/wp-content/themes/child-theme/functions.php on line 4 and exactly 3 expected in /var/www/html/wp-includes/functions.wp-scripts.php:213
Stack trace:
#0 /var/www/html/wp-content/themes/child-theme/functions.php(4): wp_localize_script('ajax', 'wp_ajax')
#1 /var/www/html/wp-includes/class-wp-hook.php(308): load_scripts('')
#2 /var/www/html/wp-includes/class-wp-hook.php(332): WP_Hook->apply_filters(NULL, Array)
#3 /var/www/html/wp-includes/plugin.php(517): WP_Hook->do_action(Array)
#4 /var/www/html/wp-includes/script-loader.php(2180): do_action('wp_enqueue_scri...')
#5 /var/www/html/wp-includes/class-wp-hook.php(308): wp_enqueue_scripts('')
#6 /var/www/html/wp-includes/class-wp-hook.php(332): WP_Hook->apply_filters(NULL, Array)
#7 /var/www/html/wp-includes/plugin.php(517): WP_Hook->do_action(Array)
#8 /var/www/html/wp-includes/general-template.php(3043): do_action('wp_head')
#9 /var/www/html/wp-content/themes/twentytwentyone/header.php(20): wp_head()
#10 /var/www/html/wp-includes/template.php(783): require_once('/var/www/html/w...')
#11 /var/www/html/wp-includes/template.php(718): load_template('/var/www/html/w...', true, Array)
#12 /var/www/html/wp-includes/general-template.php(48): locate_template(Array, true, true, Array)
#13 /var/www/html/wp-content/themes/child-theme/woocommerce/archive-product.php(20): get_header('shop')
#14 /var/www/html/wp-includes/template-loader.php(106): include('/var/www/html/w...')
#15 /var/www/html/wp-blog-header.php(19): require_once('/var/www/html/w...')
#16 /var/www/html/index.php(17): require('/var/www/html/w...')
#17 {main}
  thrown in /var/www/html/wp-includes/functions.wp-scripts.php on line 213

