2023-01-27T08:11:24+00:00 CRITICAL Uncaught Error: Call to undefined function get_min_price() in /var/www/html/wp-content/themes/child-theme/woocommerce/archive-product.php:83
Stack trace:
#0 /var/www/html/wp-includes/template-loader.php(106): include()
#1 /var/www/html/wp-blog-header.php(19): require_once('/var/www/html/w...')
#2 /var/www/html/index.php(17): require('/var/www/html/w...')
#3 {main}
  thrown in /var/www/html/wp-content/themes/child-theme/woocommerce/archive-product.php on line 83

2023-01-27T12:22:17+00:00 CRITICAL syntax error, unexpected token ";" in /var/www/html/wp-content/themes/child-theme/functions.php on line 45

2023-01-27T14:13:18+00:00 CRITICAL Uncaught TypeError: array_values(): Argument #1 ($array) must be of type array, string given in /var/www/html/wp-content/themes/child-theme/functions.php:36
Stack trace:
#0 /var/www/html/wp-content/themes/child-theme/functions.php(36): array_values('15,36,33,35,37,...')
#1 /var/www/html/wp-includes/class-wp-hook.php(308): filter_ajax('')
#2 /var/www/html/wp-includes/class-wp-hook.php(332): WP_Hook->apply_filters('', Array)
#3 /var/www/html/wp-includes/plugin.php(517): WP_Hook->do_action(Array)
#4 /var/www/html/wp-admin/admin-ajax.php(188): do_action('wp_ajax_filter')
#5 {main}
  thrown in /var/www/html/wp-content/themes/child-theme/functions.php on line 36

2023-01-27T14:13:30+00:00 CRITICAL Uncaught TypeError: array_values(): Argument #1 ($array) must be of type array, string given in /var/www/html/wp-content/themes/child-theme/functions.php:36
Stack trace:
#0 /var/www/html/wp-content/themes/child-theme/functions.php(36): array_values('15,36,33,35,37,...')
#1 /var/www/html/wp-includes/class-wp-hook.php(308): filter_ajax('')
#2 /var/www/html/wp-includes/class-wp-hook.php(332): WP_Hook->apply_filters('', Array)
#3 /var/www/html/wp-includes/plugin.php(517): WP_Hook->do_action(Array)
#4 /var/www/html/wp-admin/admin-ajax.php(188): do_action('wp_ajax_filter')
#5 {main}
  thrown in /var/www/html/wp-content/themes/child-theme/functions.php on line 36

2023-01-27T14:14:17+00:00 CRITICAL Uncaught TypeError: array_values(): Argument #1 ($array) must be of type array, string given in /var/www/html/wp-content/themes/child-theme/functions.php:36
Stack trace:
#0 /var/www/html/wp-content/themes/child-theme/functions.php(36): array_values('15,36,33,35,37,...')
#1 /var/www/html/wp-includes/class-wp-hook.php(308): filter_ajax('')
#2 /var/www/html/wp-includes/class-wp-hook.php(332): WP_Hook->apply_filters('', Array)
#3 /var/www/html/wp-includes/plugin.php(517): WP_Hook->do_action(Array)
#4 /var/www/html/wp-admin/admin-ajax.php(188): do_action('wp_ajax_filter')
#5 {main}
  thrown in /var/www/html/wp-content/themes/child-theme/functions.php on line 36

2023-01-27T14:14:18+00:00 CRITICAL Uncaught TypeError: array_values(): Argument #1 ($array) must be of type array, string given in /var/www/html/wp-content/themes/child-theme/functions.php:36
Stack trace:
#0 /var/www/html/wp-content/themes/child-theme/functions.php(36): array_values('15,36,33,35,37,...')
#1 /var/www/html/wp-includes/class-wp-hook.php(308): filter_ajax('')
#2 /var/www/html/wp-includes/class-wp-hook.php(332): WP_Hook->apply_filters('', Array)
#3 /var/www/html/wp-includes/plugin.php(517): WP_Hook->do_action(Array)
#4 /var/www/html/wp-admin/admin-ajax.php(188): do_action('wp_ajax_filter')
#5 {main}
  thrown in /var/www/html/wp-content/themes/child-theme/functions.php on line 36

2023-01-27T14:14:18+00:00 CRITICAL Uncaught TypeError: array_values(): Argument #1 ($array) must be of type array, string given in /var/www/html/wp-content/themes/child-theme/functions.php:36
Stack trace:
#0 /var/www/html/wp-content/themes/child-theme/functions.php(36): array_values('15,36,33,35,37,...')
#1 /var/www/html/wp-includes/class-wp-hook.php(308): filter_ajax('')
#2 /var/www/html/wp-includes/class-wp-hook.php(332): WP_Hook->apply_filters('', Array)
#3 /var/www/html/wp-includes/plugin.php(517): WP_Hook->do_action(Array)
#4 /var/www/html/wp-admin/admin-ajax.php(188): do_action('wp_ajax_filter')
#5 {main}
  thrown in /var/www/html/wp-content/themes/child-theme/functions.php on line 36

2023-01-27T14:14:20+00:00 CRITICAL Uncaught TypeError: array_values(): Argument #1 ($array) must be of type array, string given in /var/www/html/wp-content/themes/child-theme/functions.php:36
Stack trace:
#0 /var/www/html/wp-content/themes/child-theme/functions.php(36): array_values('15,36,33,35,37,...')
#1 /var/www/html/wp-includes/class-wp-hook.php(308): filter_ajax('')
#2 /var/www/html/wp-includes/class-wp-hook.php(332): WP_Hook->apply_filters('', Array)
#3 /var/www/html/wp-includes/plugin.php(517): WP_Hook->do_action(Array)
#4 /var/www/html/wp-admin/admin-ajax.php(188): do_action('wp_ajax_filter')
#5 {main}
  thrown in /var/www/html/wp-content/themes/child-theme/functions.php on line 36

2023-01-27T14:14:20+00:00 CRITICAL Uncaught TypeError: array_values(): Argument #1 ($array) must be of type array, string given in /var/www/html/wp-content/themes/child-theme/functions.php:36
Stack trace:
#0 /var/www/html/wp-content/themes/child-theme/functions.php(36): array_values('15,36,33,35,37,...')
#1 /var/www/html/wp-includes/class-wp-hook.php(308): filter_ajax('')
#2 /var/www/html/wp-includes/class-wp-hook.php(332): WP_Hook->apply_filters('', Array)
#3 /var/www/html/wp-includes/plugin.php(517): WP_Hook->do_action(Array)
#4 /var/www/html/wp-admin/admin-ajax.php(188): do_action('wp_ajax_filter')
#5 {main}
  thrown in /var/www/html/wp-content/themes/child-theme/functions.php on line 36

2023-01-27T14:14:21+00:00 CRITICAL Uncaught TypeError: array_values(): Argument #1 ($array) must be of type array, string given in /var/www/html/wp-content/themes/child-theme/functions.php:36
Stack trace:
#0 /var/www/html/wp-content/themes/child-theme/functions.php(36): array_values('15,36,33,35,37,...')
#1 /var/www/html/wp-includes/class-wp-hook.php(308): filter_ajax('')
#2 /var/www/html/wp-includes/class-wp-hook.php(332): WP_Hook->apply_filters('', Array)
#3 /var/www/html/wp-includes/plugin.php(517): WP_Hook->do_action(Array)
#4 /var/www/html/wp-admin/admin-ajax.php(188): do_action('wp_ajax_filter')
#5 {main}
  thrown in /var/www/html/wp-content/themes/child-theme/functions.php on line 36

2023-01-27T14:14:22+00:00 CRITICAL Uncaught TypeError: array_values(): Argument #1 ($array) must be of type array, string given in /var/www/html/wp-content/themes/child-theme/functions.php:36
Stack trace:
#0 /var/www/html/wp-content/themes/child-theme/functions.php(36): array_values('15,36,33,35,37,...')
#1 /var/www/html/wp-includes/class-wp-hook.php(308): filter_ajax('')
#2 /var/www/html/wp-includes/class-wp-hook.php(332): WP_Hook->apply_filters('', Array)
#3 /var/www/html/wp-includes/plugin.php(517): WP_Hook->do_action(Array)
#4 /var/www/html/wp-admin/admin-ajax.php(188): do_action('wp_ajax_filter')
#5 {main}
  thrown in /var/www/html/wp-content/themes/child-theme/functions.php on line 36

2023-01-27T14:14:25+00:00 CRITICAL Uncaught TypeError: array_values(): Argument #1 ($array) must be of type array, string given in /var/www/html/wp-content/themes/child-theme/functions.php:36
Stack trace:
#0 /var/www/html/wp-content/themes/child-theme/functions.php(36): array_values('15,36,33,35,37,...')
#1 /var/www/html/wp-includes/class-wp-hook.php(308): filter_ajax('')
#2 /var/www/html/wp-includes/class-wp-hook.php(332): WP_Hook->apply_filters('', Array)
#3 /var/www/html/wp-includes/plugin.php(517): WP_Hook->do_action(Array)
#4 /var/www/html/wp-admin/admin-ajax.php(188): do_action('wp_ajax_filter')
#5 {main}
  thrown in /var/www/html/wp-content/themes/child-theme/functions.php on line 36

2023-01-27T14:14:37+00:00 CRITICAL Uncaught TypeError: array_values(): Argument #1 ($array) must be of type array, string given in /var/www/html/wp-content/themes/child-theme/functions.php:36
Stack trace:
#0 /var/www/html/wp-content/themes/child-theme/functions.php(36): array_values('15,36,33,35,37,...')
#1 /var/www/html/wp-includes/class-wp-hook.php(308): filter_ajax('')
#2 /var/www/html/wp-includes/class-wp-hook.php(332): WP_Hook->apply_filters('', Array)
#3 /var/www/html/wp-includes/plugin.php(517): WP_Hook->do_action(Array)
#4 /var/www/html/wp-admin/admin-ajax.php(188): do_action('wp_ajax_filter')
#5 {main}
  thrown in /var/www/html/wp-content/themes/child-theme/functions.php on line 36

2023-01-27T14:16:17+00:00 CRITICAL Uncaught TypeError: array_values(): Argument #1 ($array) must be of type array, string given in /var/www/html/wp-content/themes/child-theme/functions.php:36
Stack trace:
#0 /var/www/html/wp-content/themes/child-theme/functions.php(36): array_values('15,36,33,35,37,...')
#1 /var/www/html/wp-includes/class-wp-hook.php(308): filter_ajax('')
#2 /var/www/html/wp-includes/class-wp-hook.php(332): WP_Hook->apply_filters('', Array)
#3 /var/www/html/wp-includes/plugin.php(517): WP_Hook->do_action(Array)
#4 /var/www/html/wp-admin/admin-ajax.php(188): do_action('wp_ajax_filter')
#5 {main}
  thrown in /var/www/html/wp-content/themes/child-theme/functions.php on line 36

2023-01-27T14:17:02+00:00 CRITICAL Uncaught TypeError: array_values(): Argument #1 ($array) must be of type array, string given in /var/www/html/wp-content/themes/child-theme/functions.php:36
Stack trace:
#0 /var/www/html/wp-content/themes/child-theme/functions.php(36): array_values('15,36,33,35,37,...')
#1 /var/www/html/wp-includes/class-wp-hook.php(308): filter_ajax('')
#2 /var/www/html/wp-includes/class-wp-hook.php(332): WP_Hook->apply_filters('', Array)
#3 /var/www/html/wp-includes/plugin.php(517): WP_Hook->do_action(Array)
#4 /var/www/html/wp-admin/admin-ajax.php(188): do_action('wp_ajax_filter')
#5 {main}
  thrown in /var/www/html/wp-content/themes/child-theme/functions.php on line 36

2023-01-27T14:18:51+00:00 CRITICAL Uncaught TypeError: array_values(): Argument #1 ($array) must be of type array, string given in /var/www/html/wp-content/themes/child-theme/functions.php:36
Stack trace:
#0 /var/www/html/wp-content/themes/child-theme/functions.php(36): array_values('15,36,33,35,37,...')
#1 /var/www/html/wp-includes/class-wp-hook.php(308): filter_ajax('')
#2 /var/www/html/wp-includes/class-wp-hook.php(332): WP_Hook->apply_filters('', Array)
#3 /var/www/html/wp-includes/plugin.php(517): WP_Hook->do_action(Array)
#4 /var/www/html/wp-admin/admin-ajax.php(188): do_action('wp_ajax_filter')
#5 {main}
  thrown in /var/www/html/wp-content/themes/child-theme/functions.php on line 36

