2023-02-21T07:45:44+00:00 CRITICAL Uncaught TypeError: call_user_func_array(): Argument #1 ($callback) must be a valid callback, function "woo_test_single_image_size" not found or invalid function name in /var/www/html/wp-includes/class-wp-hook.php:308
Stack trace:
#0 /var/www/html/wp-includes/plugin.php(205): WP_Hook->apply_filters(Array, Array)
#1 /var/www/html/wp-content/plugins/woocommerce/includes/wc-core-functions.php(984): apply_filters('woocommerce_get...', Array)
#2 /var/www/html/wp-content/plugins/woocommerce/includes/class-woocommerce.php(731): wc_get_image_size('thumbnail')
#3 /var/www/html/wp-includes/class-wp-hook.php(308): WooCommerce->add_image_sizes('')
#4 /var/www/html/wp-includes/class-wp-hook.php(332): WP_Hook->apply_filters(NULL, Array)
#5 /var/www/html/wp-includes/plugin.php(517): WP_Hook->do_action(Array)
#6 /var/www/html/wp-settings.php(617): do_action('init')
#7 /var/www/html/wp-config.php(247): require_once('/var/www/html/w...')
#8 /var/www/html/wp-load.php(50): require_once('/var/www/html/w...')
#9 /var/www/html/wp-blog-header.php(13): require_once('/var/www/html/w...')
#10 /var/www/html/index.php(17): require('/var/www/html/w...')
#11 {main}
  thrown in /var/www/html/wp-includes/class-wp-hook.php on line 308

2023-02-21T07:45:47+00:00 CRITICAL Uncaught TypeError: call_user_func_array(): Argument #1 ($callback) must be a valid callback, function "woo_test_single_image_size" not found or invalid function name in /var/www/html/wp-includes/class-wp-hook.php:308
Stack trace:
#0 /var/www/html/wp-includes/plugin.php(205): WP_Hook->apply_filters(Array, Array)
#1 /var/www/html/wp-content/plugins/woocommerce/includes/wc-core-functions.php(984): apply_filters('woocommerce_get...', Array)
#2 /var/www/html/wp-content/plugins/woocommerce/includes/class-woocommerce.php(731): wc_get_image_size('thumbnail')
#3 /var/www/html/wp-includes/class-wp-hook.php(308): WooCommerce->add_image_sizes('')
#4 /var/www/html/wp-includes/class-wp-hook.php(332): WP_Hook->apply_filters(NULL, Array)
#5 /var/www/html/wp-includes/plugin.php(517): WP_Hook->do_action(Array)
#6 /var/www/html/wp-settings.php(617): do_action('init')
#7 /var/www/html/wp-config.php(247): require_once('/var/www/html/w...')
#8 /var/www/html/wp-load.php(50): require_once('/var/www/html/w...')
#9 /var/www/html/wp-blog-header.php(13): require_once('/var/www/html/w...')
#10 /var/www/html/index.php(17): require('/var/www/html/w...')
#11 {main}
  thrown in /var/www/html/wp-includes/class-wp-hook.php on line 308

2023-02-21T07:45:49+00:00 CRITICAL Uncaught TypeError: call_user_func_array(): Argument #1 ($callback) must be a valid callback, function "woo_test_single_image_size" not found or invalid function name in /var/www/html/wp-includes/class-wp-hook.php:308
Stack trace:
#0 /var/www/html/wp-includes/plugin.php(205): WP_Hook->apply_filters(Array, Array)
#1 /var/www/html/wp-content/plugins/woocommerce/includes/wc-core-functions.php(984): apply_filters('woocommerce_get...', Array)
#2 /var/www/html/wp-content/plugins/woocommerce/includes/class-woocommerce.php(731): wc_get_image_size('thumbnail')
#3 /var/www/html/wp-includes/class-wp-hook.php(308): WooCommerce->add_image_sizes('')
#4 /var/www/html/wp-includes/class-wp-hook.php(332): WP_Hook->apply_filters(NULL, Array)
#5 /var/www/html/wp-includes/plugin.php(517): WP_Hook->do_action(Array)
#6 /var/www/html/wp-settings.php(617): do_action('init')
#7 /var/www/html/wp-config.php(247): require_once('/var/www/html/w...')
#8 /var/www/html/wp-load.php(50): require_once('/var/www/html/w...')
#9 /var/www/html/wp-blog-header.php(13): require_once('/var/www/html/w...')
#10 /var/www/html/index.php(17): require('/var/www/html/w...')
#11 {main}
  thrown in /var/www/html/wp-includes/class-wp-hook.php on line 308

2023-02-21T07:45:50+00:00 CRITICAL Uncaught TypeError: call_user_func_array(): Argument #1 ($callback) must be a valid callback, function "woo_test_single_image_size" not found or invalid function name in /var/www/html/wp-includes/class-wp-hook.php:308
Stack trace:
#0 /var/www/html/wp-includes/plugin.php(205): WP_Hook->apply_filters(Array, Array)
#1 /var/www/html/wp-content/plugins/woocommerce/includes/wc-core-functions.php(984): apply_filters('woocommerce_get...', Array)
#2 /var/www/html/wp-content/plugins/woocommerce/includes/class-woocommerce.php(731): wc_get_image_size('thumbnail')
#3 /var/www/html/wp-includes/class-wp-hook.php(308): WooCommerce->add_image_sizes('')
#4 /var/www/html/wp-includes/class-wp-hook.php(332): WP_Hook->apply_filters(NULL, Array)
#5 /var/www/html/wp-includes/plugin.php(517): WP_Hook->do_action(Array)
#6 /var/www/html/wp-settings.php(617): do_action('init')
#7 /var/www/html/wp-config.php(247): require_once('/var/www/html/w...')
#8 /var/www/html/wp-load.php(50): require_once('/var/www/html/w...')
#9 /var/www/html/wp-blog-header.php(13): require_once('/var/www/html/w...')
#10 /var/www/html/index.php(17): require('/var/www/html/w...')
#11 {main}
  thrown in /var/www/html/wp-includes/class-wp-hook.php on line 308

2023-02-21T07:46:44+00:00 CRITICAL Uncaught TypeError: call_user_func_array(): Argument #1 ($callback) must be a valid callback, function "woo_test_single_image_size" not found or invalid function name in /var/www/html/wp-includes/class-wp-hook.php:308
Stack trace:
#0 /var/www/html/wp-includes/plugin.php(205): WP_Hook->apply_filters(Array, Array)
#1 /var/www/html/wp-content/plugins/woocommerce/includes/wc-core-functions.php(984): apply_filters('woocommerce_get...', Array)
#2 /var/www/html/wp-content/plugins/woocommerce/includes/class-woocommerce.php(731): wc_get_image_size('thumbnail')
#3 /var/www/html/wp-includes/class-wp-hook.php(308): WooCommerce->add_image_sizes('')
#4 /var/www/html/wp-includes/class-wp-hook.php(332): WP_Hook->apply_filters(NULL, Array)
#5 /var/www/html/wp-includes/plugin.php(517): WP_Hook->do_action(Array)
#6 /var/www/html/wp-settings.php(617): do_action('init')
#7 /var/www/html/wp-config.php(247): require_once('/var/www/html/w...')
#8 /var/www/html/wp-load.php(50): require_once('/var/www/html/w...')
#9 /var/www/html/wp-blog-header.php(13): require_once('/var/www/html/w...')
#10 /var/www/html/index.php(17): require('/var/www/html/w...')
#11 {main}
  thrown in /var/www/html/wp-includes/class-wp-hook.php on line 308

2023-02-21T07:46:45+00:00 CRITICAL Uncaught TypeError: call_user_func_array(): Argument #1 ($callback) must be a valid callback, function "woo_test_single_image_size" not found or invalid function name in /var/www/html/wp-includes/class-wp-hook.php:308
Stack trace:
#0 /var/www/html/wp-includes/plugin.php(205): WP_Hook->apply_filters(Array, Array)
#1 /var/www/html/wp-content/plugins/woocommerce/includes/wc-core-functions.php(984): apply_filters('woocommerce_get...', Array)
#2 /var/www/html/wp-content/plugins/woocommerce/includes/class-woocommerce.php(731): wc_get_image_size('thumbnail')
#3 /var/www/html/wp-includes/class-wp-hook.php(308): WooCommerce->add_image_sizes('')
#4 /var/www/html/wp-includes/class-wp-hook.php(332): WP_Hook->apply_filters(NULL, Array)
#5 /var/www/html/wp-includes/plugin.php(517): WP_Hook->do_action(Array)
#6 /var/www/html/wp-settings.php(617): do_action('init')
#7 /var/www/html/wp-config.php(247): require_once('/var/www/html/w...')
#8 /var/www/html/wp-load.php(50): require_once('/var/www/html/w...')
#9 /var/www/html/wp-blog-header.php(13): require_once('/var/www/html/w...')
#10 /var/www/html/index.php(17): require('/var/www/html/w...')
#11 {main}
  thrown in /var/www/html/wp-includes/class-wp-hook.php on line 308

2023-02-21T07:53:50+00:00 CRITICAL Uncaught TypeError: call_user_func_array(): Argument #1 ($callback) must be a valid callback, function "woo_test_single_image_size" not found or invalid function name in /var/www/html/wp-includes/class-wp-hook.php:308
Stack trace:
#0 /var/www/html/wp-includes/plugin.php(205): WP_Hook->apply_filters(Array, Array)
#1 /var/www/html/wp-content/plugins/woocommerce/includes/wc-core-functions.php(984): apply_filters('woocommerce_get...', Array)
#2 /var/www/html/wp-content/plugins/woocommerce/includes/class-woocommerce.php(731): wc_get_image_size('thumbnail')
#3 /var/www/html/wp-includes/class-wp-hook.php(308): WooCommerce->add_image_sizes('')
#4 /var/www/html/wp-includes/class-wp-hook.php(332): WP_Hook->apply_filters(NULL, Array)
#5 /var/www/html/wp-includes/plugin.php(517): WP_Hook->do_action(Array)
#6 /var/www/html/wp-settings.php(617): do_action('init')
#7 /var/www/html/wp-config.php(247): require_once('/var/www/html/w...')
#8 /var/www/html/wp-load.php(50): require_once('/var/www/html/w...')
#9 /var/www/html/wp-blog-header.php(13): require_once('/var/www/html/w...')
#10 /var/www/html/index.php(17): require('/var/www/html/w...')
#11 {main}
  thrown in /var/www/html/wp-includes/class-wp-hook.php on line 308

2023-02-21T07:53:50+00:00 CRITICAL Uncaught TypeError: call_user_func_array(): Argument #1 ($callback) must be a valid callback, function "woo_test_single_image_size" not found or invalid function name in /var/www/html/wp-includes/class-wp-hook.php:308
Stack trace:
#0 /var/www/html/wp-includes/plugin.php(205): WP_Hook->apply_filters(Array, Array)
#1 /var/www/html/wp-content/plugins/woocommerce/includes/wc-core-functions.php(984): apply_filters('woocommerce_get...', Array)
#2 /var/www/html/wp-content/plugins/woocommerce/includes/class-woocommerce.php(731): wc_get_image_size('thumbnail')
#3 /var/www/html/wp-includes/class-wp-hook.php(308): WooCommerce->add_image_sizes('')
#4 /var/www/html/wp-includes/class-wp-hook.php(332): WP_Hook->apply_filters(NULL, Array)
#5 /var/www/html/wp-includes/plugin.php(517): WP_Hook->do_action(Array)
#6 /var/www/html/wp-settings.php(617): do_action('init')
#7 /var/www/html/wp-config.php(247): require_once('/var/www/html/w...')
#8 /var/www/html/wp-load.php(50): require_once('/var/www/html/w...')
#9 /var/www/html/wp-blog-header.php(13): require_once('/var/www/html/w...')
#10 /var/www/html/index.php(17): require('/var/www/html/w...')
#11 {main}
  thrown in /var/www/html/wp-includes/class-wp-hook.php on line 308

