2023-01-31T08:30:48+00:00 CRITICAL Uncaught TypeError: call_user_func_array(): Argument #1 ($callback) must be a valid callback, function "product_settings_tabs" not found or invalid function name in /var/www/html/wp-includes/class-wp-hook.php:308
Stack trace:
#0 /var/www/html/wp-includes/plugin.php(205): WP_Hook->apply_filters(Array, Array)
#1 /var/www/html/wp-content/plugins/woocommerce/includes/admin/meta-boxes/class-wc-meta-box-product-data.php(129): apply_filters('woocommerce_pro...', Array)
#2 /var/www/html/wp-content/plugins/woocommerce/includes/admin/meta-boxes/views/html-product-data-panel.php(43): WC_Meta_Box_Product_Data::get_product_data_tabs()
#3 /var/www/html/wp-content/plugins/woocommerce/includes/admin/meta-boxes/class-wc-meta-box-product-data.php(33): include('/var/www/html/w...')
#4 /var/www/html/wp-admin/includes/template.php(1409): WC_Meta_Box_Product_Data::output(Object(WP_Post), Array)
#5 /var/www/html/wp-admin/edit-form-advanced.php(688): do_meta_boxes(Object(WP_Screen), 'normal', Object(WP_Post))
#6 /var/www/html/wp-admin/post.php(206): require('/var/www/html/w...')
#7 {main}
  thrown in /var/www/html/wp-includes/class-wp-hook.php on line 308

2023-01-31T08:30:51+00:00 CRITICAL Uncaught TypeError: call_user_func_array(): Argument #1 ($callback) must be a valid callback, function "product_settings_tabs" not found or invalid function name in /var/www/html/wp-includes/class-wp-hook.php:308
Stack trace:
#0 /var/www/html/wp-includes/plugin.php(205): WP_Hook->apply_filters(Array, Array)
#1 /var/www/html/wp-content/plugins/woocommerce/includes/admin/meta-boxes/class-wc-meta-box-product-data.php(129): apply_filters('woocommerce_pro...', Array)
#2 /var/www/html/wp-content/plugins/woocommerce/includes/admin/meta-boxes/views/html-product-data-panel.php(43): WC_Meta_Box_Product_Data::get_product_data_tabs()
#3 /var/www/html/wp-content/plugins/woocommerce/includes/admin/meta-boxes/class-wc-meta-box-product-data.php(33): include('/var/www/html/w...')
#4 /var/www/html/wp-admin/includes/template.php(1409): WC_Meta_Box_Product_Data::output(Object(WP_Post), Array)
#5 /var/www/html/wp-admin/edit-form-advanced.php(688): do_meta_boxes(Object(WP_Screen), 'normal', Object(WP_Post))
#6 /var/www/html/wp-admin/post.php(206): require('/var/www/html/w...')
#7 {main}
  thrown in /var/www/html/wp-includes/class-wp-hook.php on line 308

2023-01-31T08:30:56+00:00 CRITICAL Uncaught TypeError: call_user_func_array(): Argument #1 ($callback) must be a valid callback, function "product_settings_tabs" not found or invalid function name in /var/www/html/wp-includes/class-wp-hook.php:308
Stack trace:
#0 /var/www/html/wp-includes/plugin.php(205): WP_Hook->apply_filters(Array, Array)
#1 /var/www/html/wp-content/plugins/woocommerce/includes/admin/meta-boxes/class-wc-meta-box-product-data.php(129): apply_filters('woocommerce_pro...', Array)
#2 /var/www/html/wp-content/plugins/woocommerce/includes/admin/meta-boxes/views/html-product-data-panel.php(43): WC_Meta_Box_Product_Data::get_product_data_tabs()
#3 /var/www/html/wp-content/plugins/woocommerce/includes/admin/meta-boxes/class-wc-meta-box-product-data.php(33): include('/var/www/html/w...')
#4 /var/www/html/wp-admin/includes/template.php(1409): WC_Meta_Box_Product_Data::output(Object(WP_Post), Array)
#5 /var/www/html/wp-admin/edit-form-advanced.php(688): do_meta_boxes(Object(WP_Screen), 'normal', Object(WP_Post))
#6 /var/www/html/wp-admin/post.php(206): require('/var/www/html/w...')
#7 {main}
  thrown in /var/www/html/wp-includes/class-wp-hook.php on line 308

2023-01-31T12:50:30+00:00 CRITICAL syntax error, unexpected token "}", expecting "elseif" or "else" or "endif" in /var/www/html/wp-content/themes/child-theme/woocommerce/cart/mini-cart.php on line 66

2023-01-31T12:50:34+00:00 CRITICAL syntax error, unexpected token "}", expecting "elseif" or "else" or "endif" in /var/www/html/wp-content/themes/child-theme/woocommerce/cart/mini-cart.php on line 66

2023-01-31T13:49:23+00:00 CRITICAL Uncaught ArgumentCountError: Too few arguments to function add_filter(), 1 passed in /var/www/html/wp-content/themes/child-theme/functions.php on line 151 and at least 2 expected in /var/www/html/wp-includes/plugin.php:121
Stack trace:
#0 /var/www/html/wp-content/themes/child-theme/functions.php(151): add_filter('woo')
#1 /var/www/html/wp-settings.php(585): include('/var/www/html/w...')
#2 /var/www/html/wp-config.php(247): require_once('/var/www/html/w...')
#3 /var/www/html/wp-load.php(50): require_once('/var/www/html/w...')
#4 /var/www/html/wp-admin/admin-ajax.php(22): require_once('/var/www/html/w...')
#5 {main}
  thrown in /var/www/html/wp-includes/plugin.php on line 121

2023-01-31T14:00:10+00:00 CRITICAL Uncaught Error: Call to a member function get_var() on null in /var/www/html/wp-content/themes/child-theme/woocommerce/archive-product.php:41
Stack trace:
#0 /var/www/html/wp-content/plugins/woocommerce/includes/wc-core-functions.php(345): include()
#1 /var/www/html/wp-content/plugins/woocommerce/templates/taxonomy-product-cat.php(22): wc_get_template('archive-product...')
#2 /var/www/html/wp-includes/template-loader.php(106): include('/var/www/html/w...')
#3 /var/www/html/wp-blog-header.php(19): require_once('/var/www/html/w...')
#4 /var/www/html/index.php(17): require('/var/www/html/w...')
#5 {main}
  thrown in /var/www/html/wp-content/themes/child-theme/woocommerce/archive-product.php on line 41

