2023-02-08T08:01:37+00:00 CRITICAL Uncaught Error: Call to a member function get_type() on string in /var/www/html/wp-content/themes/child-theme/functions.php:227
Stack trace:
#0 /var/www/html/wp-includes/class-wp-hook.php(310): my_class_names(Array)
#1 /var/www/html/wp-includes/plugin.php(205): WP_Hook->apply_filters(Array, Array)
#2 /var/www/html/wp-includes/post-template.php(853): apply_filters('body_class', Array, Array)
#3 /var/www/html/wp-includes/post-template.php(612): get_body_class(Array)
#4 /var/www/html/wp-content/themes/twentytwentyone/header.php(23): body_class()
#5 /var/www/html/wp-includes/template.php(783): require_once('/var/www/html/w...')
#6 /var/www/html/wp-includes/template.php(718): load_template('/var/www/html/w...', true, Array)
#7 /var/www/html/wp-includes/general-template.php(48): locate_template(Array, true, true, Array)
#8 /var/www/html/wp-content/plugins/woocommerce/templates/single-product.php(22): get_header('shop')
#9 /var/www/html/wp-includes/template-loader.php(106): include('/var/www/html/w...')
#10 /var/www/html/wp-blog-header.php(19): require_once('/var/www/html/w...')
#11 /var/www/html/index.php(17): require('/var/www/html/w...')
#12 {main}
  thrown in /var/www/html/wp-content/themes/child-theme/functions.php on line 227

2023-02-08T08:07:00+00:00 CRITICAL Uncaught TypeError: call_user_func_array(): Argument #1 ($callback) must be a valid callback, function "my_class_names" not found or invalid function name in /var/www/html/wp-includes/class-wp-hook.php:310
Stack trace:
#0 /var/www/html/wp-includes/plugin.php(205): WP_Hook->apply_filters(Array, Array)
#1 /var/www/html/wp-includes/post-template.php(853): apply_filters('body_class', Array, Array)
#2 /var/www/html/wp-includes/post-template.php(612): get_body_class(Array)
#3 /var/www/html/wp-content/themes/twentytwentyone/header.php(23): body_class()
#4 /var/www/html/wp-includes/template.php(783): require_once('/var/www/html/w...')
#5 /var/www/html/wp-includes/template.php(718): load_template('/var/www/html/w...', true, Array)
#6 /var/www/html/wp-includes/general-template.php(48): locate_template(Array, true, true, Array)
#7 /var/www/html/wp-content/plugins/woocommerce/templates/single-product.php(22): get_header('shop')
#8 /var/www/html/wp-includes/template-loader.php(106): include('/var/www/html/w...')
#9 /var/www/html/wp-blog-header.php(19): require_once('/var/www/html/w...')
#10 /var/www/html/index.php(17): require('/var/www/html/w...')
#11 {main}
  thrown in /var/www/html/wp-includes/class-wp-hook.php on line 310

2023-02-08T08:07:02+00:00 CRITICAL Uncaught TypeError: call_user_func_array(): Argument #1 ($callback) must be a valid callback, function "my_class_names" not found or invalid function name in /var/www/html/wp-includes/class-wp-hook.php:310
Stack trace:
#0 /var/www/html/wp-includes/plugin.php(205): WP_Hook->apply_filters(Array, Array)
#1 /var/www/html/wp-includes/post-template.php(853): apply_filters('body_class', Array, Array)
#2 /var/www/html/wp-includes/post-template.php(612): get_body_class(Array)
#3 /var/www/html/wp-content/themes/twentytwentyone/header.php(23): body_class()
#4 /var/www/html/wp-includes/template.php(783): require_once('/var/www/html/w...')
#5 /var/www/html/wp-includes/template.php(718): load_template('/var/www/html/w...', true, Array)
#6 /var/www/html/wp-includes/general-template.php(48): locate_template(Array, true, true, Array)
#7 /var/www/html/wp-content/plugins/woocommerce/templates/single-product.php(22): get_header('shop')
#8 /var/www/html/wp-includes/template-loader.php(106): include('/var/www/html/w...')
#9 /var/www/html/wp-blog-header.php(19): require_once('/var/www/html/w...')
#10 /var/www/html/index.php(17): require('/var/www/html/w...')
#11 {main}
  thrown in /var/www/html/wp-includes/class-wp-hook.php on line 310

2023-02-08T08:07:32+00:00 CRITICAL Uncaught TypeError: call_user_func_array(): Argument #1 ($callback) must be a valid callback, function "my_class_names" not found or invalid function name in /var/www/html/wp-includes/class-wp-hook.php:310
Stack trace:
#0 /var/www/html/wp-includes/plugin.php(205): WP_Hook->apply_filters(Array, Array)
#1 /var/www/html/wp-includes/post-template.php(853): apply_filters('body_class', Array, Array)
#2 /var/www/html/wp-includes/post-template.php(612): get_body_class(Array)
#3 /var/www/html/wp-content/themes/twentytwentyone/header.php(23): body_class()
#4 /var/www/html/wp-includes/template.php(783): require_once('/var/www/html/w...')
#5 /var/www/html/wp-includes/template.php(718): load_template('/var/www/html/w...', true, Array)
#6 /var/www/html/wp-includes/general-template.php(48): locate_template(Array, true, true, Array)
#7 /var/www/html/wp-content/themes/twentytwentyone/404.php(12): get_header()
#8 /var/www/html/wp-includes/template-loader.php(106): include('/var/www/html/w...')
#9 /var/www/html/wp-blog-header.php(19): require_once('/var/www/html/w...')
#10 /var/www/html/index.php(17): require('/var/www/html/w...')
#11 {main}
  thrown in /var/www/html/wp-includes/class-wp-hook.php on line 310

2023-02-08T08:08:43+00:00 CRITICAL Uncaught Error: Call to a member function get_var() on null in /var/www/html/wp-content/themes/child-theme/woocommerce/archive-product.php:41
Stack trace:
#0 /var/www/html/wp-content/plugins/woocommerce/includes/wc-core-functions.php(345): include()
#1 /var/www/html/wp-content/plugins/woocommerce/templates/taxonomy-product-cat.php(22): wc_get_template('archive-product...')
#2 /var/www/html/wp-includes/template-loader.php(106): include('/var/www/html/w...')
#3 /var/www/html/wp-blog-header.php(19): require_once('/var/www/html/w...')
#4 /var/www/html/index.php(17): require('/var/www/html/w...')
#5 {main}
  thrown in /var/www/html/wp-content/themes/child-theme/woocommerce/archive-product.php on line 41

